<?xml version="1.0" encoding="UTF-8"?>
<testsuite name="MonsterTest" tests="30" skipped="0" failures="0" errors="0" timestamp="2020-09-18T09:28:14" hostname="access-ThinkPad-T450" time="13.502">
  <properties/>
  <testcase name="sleep_increasesMonsterSleepLevel" classname="MonsterTest" time="0.257"/>
  <testcase name="timer_executesDepleteLevelsMethod" classname="MonsterTest" time="6.013"/>
  <testcase name="feed_throwsExceptionIfFoodLevelIsAtMaxValue" classname="MonsterTest" time="0.019"/>
  <testcase name="save_savesPersonIdIntoDB_true" classname="MonsterTest" time="0.113"/>
  <testcase name="save_returnsTrueIfDescriptionsAretheSame" classname="MonsterTest" time="0.046"/>
  <testcase name="save_recordsTimeOfCreationInDatabase" classname="MonsterTest" time="0.05"/>
  <testcase name="play_recordsTimeLastPlayedInDatabase" classname="MonsterTest" time="0.07"/>
  <testcase name="monster_instantiatesWithHalfFullPlayLevel" classname="MonsterTest" time="0.009"/>
  <testcase name="all_returnsAllInstancesOfMonster_true" classname="MonsterTest" time="0.075"/>
  <testcase name="sleep_throwsExceptionIfSleepLevelIsAtMaxValue" classname="MonsterTest" time="0.031"/>
  <testcase name="monster_playLevelCannotGoBeyondMaxValue" classname="MonsterTest" time="0.044"/>
  <testcase name="save_assignsIdToMonster" classname="MonsterTest" time="0.047"/>
  <testcase name="play_increasesMonsterPlayLevel" classname="MonsterTest" time="0.013"/>
  <testcase name="monster_instantiatesWithHalfFullSleepLevel" classname="MonsterTest" time="0.009"/>
  <testcase name="isAlive_confirmsMonsterIsAliveIfAllLevelsAboveMinimum_true" classname="MonsterTest" time="0.008"/>
  <testcase name="monster_instantiatesWithHalfFullFoodLevel" classname="MonsterTest" time="0.007"/>
  <testcase name="Monster_instantiatesWithPersonId_int" classname="MonsterTest" time="0.008"/>
  <testcase name="feed_increasesMonsterFoodLevel" classname="MonsterTest" time="0.023"/>
  <testcase name="timer_haltsAfterMonsterDies" classname="MonsterTest" time="6.022"/>
  <testcase name="equals_returnsTrueIfNameAndPersonIdAreSame_true" classname="MonsterTest" time="0.008"/>
  <testcase name="monster_sleepLevelCannotGoBeyondMaxValue" classname="MonsterTest" time="0.037"/>
  <testcase name="feed_recordsTimeLastAteInDatabase" classname="MonsterTest" time="0.336"/>
  <testcase name="isAlive_recognizesMonsterIsDeadWhenLevelsReachMinimum_false" classname="MonsterTest" time="0.009"/>
  <testcase name="monster_instantiatesCorrectly_true" classname="MonsterTest" time="0.007"/>
  <testcase name="find_returnsMonsterWithSameId_secondMonster" classname="MonsterTest" time="0.064"/>
  <testcase name="play_throwsExceptionIfPlayLevelIsAtMaxValue" classname="MonsterTest" time="0.046"/>
  <testcase name="depleteLevels_reducesAllLevels" classname="MonsterTest" time="0.009"/>
  <testcase name="sleep_recordsTimeLastSleptInDatabase" classname="MonsterTest" time="0.07"/>
  <testcase name="monster_foodLevelCannotGoBeyondMaxValue" classname="MonsterTest" time="0.021"/>
  <testcase name="Monster_instantiatesWithName_String" classname="MonsterTest" time="0.009"/>
  <system-out><![CDATA[]]></system-out>
  <system-err><![CDATA[]]></system-err>
</testsuite>
