<?xml version="1.0" encoding="UTF-8"?>
<testsuite name="MonsterTest" tests="24" skipped="0" failures="0" errors="0" timestamp="2020-09-17T09:19:57" hostname="access-ThinkPad-T450" time="0.795">
  <properties/>
  <testcase name="sleep_increasesMonsterSleepLevel" classname="MonsterTest" time="0.244"/>
  <testcase name="feed_throwsExceptionIfFoodLevelIsAtMaxValue" classname="MonsterTest" time="0.009"/>
  <testcase name="save_savesPersonIdIntoDB_true" classname="MonsterTest" time="0.107"/>
  <testcase name="save_returnsTrueIfDescriptionsAretheSame" classname="MonsterTest" time="0.048"/>
  <testcase name="monster_instantiatesWithHalfFullPlayLevel" classname="MonsterTest" time="0.01"/>
  <testcase name="all_returnsAllInstancesOfMonster_true" classname="MonsterTest" time="0.069"/>
  <testcase name="sleep_throwsExceptionIfSleepLevelIsAtMaxValue" classname="MonsterTest" time="0.01"/>
  <testcase name="monster_playLevelCannotGoBeyondMaxValue" classname="MonsterTest" time="0.012"/>
  <testcase name="save_assignsIdToMonster" classname="MonsterTest" time="0.042"/>
  <testcase name="play_increasesMonsterPlayLevel" classname="MonsterTest" time="0.007"/>
  <testcase name="monster_instantiatesWithHalfFullSleepLevel" classname="MonsterTest" time="0.007"/>
  <testcase name="isAlive_confirmsMonsterIsAliveIfAllLevelsAboveMinimum_true" classname="MonsterTest" time="0.012"/>
  <testcase name="monster_instantiatesWithHalfFullFoodLevel" classname="MonsterTest" time="0.016"/>
  <testcase name="Monster_instantiatesWithPersonId_int" classname="MonsterTest" time="0.01"/>
  <testcase name="feed_increasesMonsterFoodLevel" classname="MonsterTest" time="0.013"/>
  <testcase name="equals_returnsTrueIfNameAndPersonIdAreSame_true" classname="MonsterTest" time="0.013"/>
  <testcase name="monster_sleepLevelCannotGoBeyondMaxValue" classname="MonsterTest" time="0.01"/>
  <testcase name="isAlive_recognizesMonsterIsDeadWhenLevelsReachMinimum_false" classname="MonsterTest" time="0.01"/>
  <testcase name="monster_instantiatesCorrectly_true" classname="MonsterTest" time="0.01"/>
  <testcase name="find_returnsMonsterWithSameId_secondMonster" classname="MonsterTest" time="0.076"/>
  <testcase name="play_throwsExceptionIfPlayLevelIsAtMaxValue" classname="MonsterTest" time="0.011"/>
  <testcase name="depleteLevels_reducesAllLevels" classname="MonsterTest" time="0.012"/>
  <testcase name="monster_foodLevelCannotGoBeyondMaxValue" classname="MonsterTest" time="0.007"/>
  <testcase name="Monster_instantiatesWithName_String" classname="MonsterTest" time="0.012"/>
  <system-out><![CDATA[]]></system-out>
  <system-err><![CDATA[]]></system-err>
</testsuite>
